Gallia indique cette erreur et les deux autres fail mais n'indique rien dans les logs

systemctl status keepalived.service 

â— keepalived.service - Keepalived
     Loaded: loaded (/etc/systemd/system/keepalived.service; enabled; vendor preset: enabled)
     Active: failed (Result: exit-code) since Fri 2023-05-19 13:31:44 UTC; 2h 58min ago
    Process: 448013 ExecStart=/usr/local/bin/keepalived agent -config /etc/keepalived (code=exited, status=203/EXEC)
   Main PID: 448013 (code=exited, status=203/EXEC)

May 19 13:31:42 gallia.internal.100do.se systemd[1]: keepalived.service: Main process exited, code=exited, status=203>
May 19 13:31:42 gallia.internal.100do.se systemd[1]: keepalived.service: Failed with result 'exit-code'.
May 19 13:31:44 gallia.internal.100do.se systemd[1]: keepalived.service: Scheduled restart job, restart counter is at>
May 19 13:31:44 gallia.internal.100do.se systemd[1]: Stopped Keepalived.
May 19 13:31:44 gallia.internal.100do.se systemd[1]: keepalived.service: Start request repeated too quickly.
May 19 13:31:44 gallia.internal.100do.se systemd[1]: keepalived.service: Failed with result 'exit-code'.
May 19 13:31:44 gallia.internal.100do.se systemd[1]: Failed to start Keepalived.

journalctl -xeu keepalived.service

-- Defined-By: systemd
-- Support: http://www.ubuntu.com/support
--
-- Automatic restarting of the unit keepalived.service has been scheduled, as the result for
-- the configured Restart= setting for the unit.
May 19 13:31:44 gallia.internal.100do.se systemd[1]: Stopped Keepalived.
-- Subject: A stop job for unit keepalived.service has finished
-- Defined-By: systemd
-- Support: http://www.ubuntu.com/support
--
-- A stop job for unit keepalived.service has finished.
--
-- The job identifier is 2984446 and the job result is done.
May 19 13:31:44 gallia.internal.100do.se systemd[1]: keepalived.service: Start request repeated too quickly.
May 19 13:31:44 gallia.internal.100do.se systemd[1]: keepalived.service: Failed with result 'exit-code'.
-- Subject: Unit failed
-- Defined-By: systemd
-- Support: http://www.ubuntu.com/support
--
-- The unit keepalived.service has entered the 'failed' state with result 'exit-code'.
May 19 13:31:44 gallia.internal.100do.se systemd[1]: Failed to start Keepalived.
-- Subject: A start job for unit keepalived.service has failed
-- Defined-By: systemd
-- Support: http://www.ubuntu.com/support
--
-- A start job for unit keepalived.service has finished with a failure.
--
-- The job identifier is 2984446 and the job result is failed.