Même erreur pour laiterie et gallia (vm non leader), hautepierre démarre bien

systemctl status nomad.service

● nomad.service - Nomad
     Loaded: loaded (/etc/systemd/system/nomad.service; enabled; vendor preset: enabled)
     Active: activating (auto-restart) (Result: exit-code) since Fri 2023-05-19 16:28:22 UTC; 270ms ago
       Docs: https://www.nomadproject.io/docs/
    Process: 489173 ExecStart=/usr/local/bin/nomad agent -config /etc/nomad.d (code=exited, status=1/FAILURE)
   Main PID: 489173 (code=exited, status=1/FAILURE)

May 19 16:28:22 laiterie.internal.100do.se systemd[1]: nomad.service: Main process exited, code=exited, status=1/FAIL>
May 19 16:28:22 laiterie.internal.100do.se systemd[1]: nomad.service: Failed with result 'exit-code'.

journalctl -xeu nomad.service

ubuntu@laiterie:~$ sudo journalctl -xeu nomad.service
-- Subject: A start job for unit nomad.service has finished successfully
-- Defined-By: systemd
-- Support: http://www.ubuntu.com/support
--
-- A start job for unit nomad.service has finished successfully.
--
-- The job identifier is 3567232.
May 19 16:24:01 laiterie.internal.100do.se nomad[488340]: ==> Loaded configuration from /etc/nomad.d/nomad.hcl
May 19 16:24:01 laiterie.internal.100do.se nomad[488340]: ==> Starting Nomad agent...
May 19 16:24:01 laiterie.internal.100do.se nomad[488340]: ==> Error starting agent: server setup failed: Failed to start RPC layer: listen tcp 0.0.0.0:4647: bind: address already in use 
May 19 16:24:01 laiterie.internal.100do.se nomad[488340]:     2023-05-19T16:24:01.517Z [ERROR] nomad: failed to initialize TLS listener: error="listen tcp 0.0.0.0:4647: bind: address already in use" 
May 19 16:24:01 laiterie.internal.100do.se nomad[488340]:     2023-05-19T16:24:01.517Z [INFO]  nomad: shutting down server
May 19 16:24:01 laiterie.internal.100do.se nomad[488340]:     2023-05-19T16:24:01.518Z [ERROR] nomad: failed to start RPC layer: error="listen tcp 0.0.0.0:4647: bind: address already in use"
May 19 16:24:01 laiterie.internal.100do.se nomad[488340]:     2023-05-19T16:24:01.518Z [ERROR] agent: error starting agent: error="server setup failed: Failed to start RPC layer: listen tcp 0.0.0.0:4647: bind: address already in use"
May 19 16:24:01 laiterie.internal.100do.se systemd[1]: nomad.service: Main process exited, code=exited, status=1/FAIL>
-- Subject: Unit process exited
-- Defined-By: systemd
-- Support: http://www.ubuntu.com/support
--
-- An ExecStart= process belonging to unit nomad.service has exited.
--
-- The process' exit code is 'exited' and its exit status is 1.
May 19 16:24:01 laiterie.internal.100do.se systemd[1]: nomad.service: Failed with result 'exit-code'.
-- Subject: Unit failed
-- Defined-By: systemd
-- Support: http://www.ubuntu.com/support
--
-- The unit nomad.service has entered the 'failed' state with result 'exit-code'.



